"Start of log file."
"D:/PersonalProjects/Faller/EndlessFaller_HDRP/Assets/Scripts/BreakableBoard.max"
"Starting max loading and fbx conversion"
window = undefined
"Settings units"
"Before fbx export"
"After fbx export"
"Finished max loading and fbx conversion"
"D:/PersonalProjects/Faller/EndlessFaller_HDRP/Assets/Scripts/BreakableBoard.max"
"Starting max loading and fbx conversion"
window = undefined
"Settings units"
"Before fbx export"
"After fbx export"
"Finished max loading and fbx conversion"
"D:/PersonalProjects/Faller/EndlessFaller_HDRP/Assets/Scripts/BreakableBoard.max"
"Starting max loading and fbx conversion"
window = undefined
"Settings units"
"Before fbx export"
"After fbx export"
"Finished max loading and fbx conversion"
